This is pdfTeX, Version 3.141592653-2.6-1.40.22 (TeX Live 2022/dev/Debian) (preloaded format=pdflatex 2024.11.26)  6 NOV 2025 21:06
entering extended mode
 restricted \write18 enabled.
 file:line:error style messages enabled.
 %&-line parsing enabled.
**/home/swanith/Desktop/Project2/Report/Swanith___DP2__Report/main.tex
(/home/swanith/Desktop/Project2/Report/Swanith___DP2__Report/main.tex
LaTeX2e <2021-11-15> patch level 1
L3 programming layer <2022-01-21> (/usr/share/texlive/texmf-dist/tex/latex/base/article.cls
Document Class: article 2021/10/04 v1.4n Standard LaTeX document class
(/usr/share/texlive/texmf-dist/tex/latex/base/size11.clo
File: size11.clo 2021/10/04 v1.4n Standard LaTeX file (size option)
)
\c@part=\count185
\c@section=\count186
\c@subsection=\count187
\c@subsubsection=\count188
\c@paragraph=\count189
\c@subparagraph=\count190
\c@figure=\count191
\c@table=\count192
\abovecaptionskip=\skip47
\belowcaptionskip=\skip48
\bibindent=\dimen138
) (/usr/share/texlive/texmf-dist/tex/latex/geometry/geometry.sty
Package: geometry 2020/01/02 v5.9 Page Geometry
 (/usr/share/texlive/texmf-dist/tex/latex/graphics/keyval.sty
Package: keyval 2014/10/28 v1.15 key=value parser (DPC)
\KV@toks@=\toks16
) (/usr/share/texlive/texmf-dist/tex/generic/iftex/ifvtex.sty
Package: ifvtex 2019/10/25 v1.7 ifvtex legacy package. Use iftex instead.
 (/usr/share/texlive/texmf-dist/tex/generic/iftex/iftex.sty
Package: iftex 2020/03/06 v1.0d TeX engine tests
))
\Gm@cnth=\count193
\Gm@cntv=\count194
\c@Gm@tempcnt=\count195
\Gm@bindingoffset=\dimen139
\Gm@wd@mp=\dimen140
\Gm@odd@mp=\dimen141
\Gm@even@mp=\dimen142
\Gm@layoutwidth=\dimen143
\Gm@layoutheight=\dimen144
\Gm@layouthoffset=\dimen145
\Gm@layoutvoffset=\dimen146
\Gm@dimlist=\toks17
) (/usr/share/texlive/texmf-dist/tex/latex/changepage/changepage.sty
Package: changepage 2009/10/20 v1.0c check page and change page layout
\c@cp@cntr=\count196
\cp@tempcnt=\count197
) (/usr/share/texlive/texmf-dist/tex/latex/amsmath/amsmath.sty
Package: amsmath 2021/10/15 v2.17l AMS math features
\@mathmargin=\skip49

For additional information on amsmath, use the `?' option.
(/usr/share/texlive/texmf-dist/tex/latex/amsmath/amstext.sty
Package: amstext 2021/08/26 v2.01 AMS text
 (/usr/share/texlive/texmf-dist/tex/latex/amsmath/amsgen.sty
File: amsgen.sty 1999/11/30 v2.0 generic functions
\@emptytoks=\toks18
\ex@=\dimen147
)) (/usr/share/texlive/texmf-dist/tex/latex/amsmath/amsbsy.sty
Package: amsbsy 1999/11/29 v1.2d Bold Symbols
\pmbraise@=\dimen148
) (/usr/share/texlive/texmf-dist/tex/latex/amsmath/amsopn.sty
Package: amsopn 2021/08/26 v2.02 operator names
)
\inf@bad=\count198
LaTeX Info: Redefining \frac on input line 234.
\uproot@=\count199
\leftroot@=\count266
LaTeX Info: Redefining \overline on input line 399.
\classnum@=\count267
\DOTSCASE@=\count268
LaTeX Info: Redefining \ldots on input line 496.
LaTeX Info: Redefining \dots on input line 499.
LaTeX Info: Redefining \cdots on input line 620.
\Mathstrutbox@=\box50
\strutbox@=\box51
\big@size=\dimen149
LaTeX Font Info:    Redeclaring font encoding OML on input line 743.
LaTeX Font Info:    Redeclaring font encoding OMS on input line 744.
\macc@depth=\count269
\c@MaxMatrixCols=\count270
\dotsspace@=\muskip16
\c@parentequation=\count271
\dspbrk@lvl=\count272
\tag@help=\toks19
\row@=\count273
\column@=\count274
\maxfields@=\count275
\andhelp@=\toks20
\eqnshift@=\dimen150
\alignsep@=\dimen151
\tagshift@=\dimen152
\tagwidth@=\dimen153
\totwidth@=\dimen154
\lineht@=\dimen155
\@envbody=\toks21
\multlinegap=\skip50
\multlinetaggap=\skip51
\mathdisplay@stack=\toks22
LaTeX Info: Redefining \[ on input line 2938.
LaTeX Info: Redefining \] on input line 2939.
) (/usr/share/texlive/texmf-dist/tex/latex/amsfonts/amssymb.sty
Package: amssymb 2013/01/14 v3.01 AMS font symbols
 (/usr/share/texlive/texmf-dist/tex/latex/amsfonts/amsfonts.sty
Package: amsfonts 2013/01/14 v3.01 Basic AMSFonts support
\symAMSa=\mathgroup4
\symAMSb=\mathgroup5
LaTeX Font Info:    Redeclaring math symbol \hbar on input line 98.
LaTeX Font Info:    Overwriting math alphabet `\mathfrak' in version `bold'
(Font)                  U/euf/m/n --> U/euf/b/n on input line 106.
)) (/usr/share/texlive/texmf-dist/tex/latex/graphics/graphicx.sty
Package: graphicx 2021/09/16 v1.2d Enhanced LaTeX Graphics (DPC,SPQR)
 (/usr/share/texlive/texmf-dist/tex/latex/graphics/graphics.sty
Package: graphics 2021/03/04 v1.4d Standard LaTeX Graphics (DPC,SPQR)
 (/usr/share/texlive/texmf-dist/tex/latex/graphics/trig.sty
Package: trig 2021/08/11 v1.11 sin cos tan (DPC)
) (/usr/share/texlive/texmf-dist/tex/latex/graphics-cfg/graphics.cfg
File: graphics.cfg 2016/06/04 v1.11 sample graphics configuration
)
Package graphics Info: Driver file: pdftex.def on input line 107.
 (/usr/share/texlive/texmf-dist/tex/latex/graphics-def/pdftex.def
File: pdftex.def 2020/10/05 v1.2a Graphics/color driver for pdftex
))
\Gin@req@height=\dimen156
\Gin@req@width=\dimen157
) (/usr/share/texlive/texmf-dist/tex/latex/float/float.sty
Package: float 2001/11/08 v1.3d Float enhancements (AL)
\c@float@type=\count276
\float@exts=\toks23
\float@box=\box52
\@float@everytoks=\toks24
\@floatcapt=\box53
) (/usr/share/texlive/texmf-dist/tex/latex/base/textcomp.sty
Package: textcomp 2020/02/02 v2.0n Standard LaTeX package
) (/usr/share/texlive/texmf-dist/tex/latex/psnfss/helvet.sty
Package: helvet 2020/03/25 PSNFSS-v9.3 (WaS) 
) (/usr/share/texlive/texmf-dist/tex/latex/cancel/cancel.sty
Package: cancel 2013/04/12 v2.2 Cancel math terms
) (/usr/share/texlive/texmf-dist/tex/latex/hyperref/hyperref.sty
Package: hyperref 2021-06-07 v7.00m Hypertext links for LaTeX
 (/usr/share/texlive/texmf-dist/tex/generic/ltxcmds/ltxcmds.sty
Package: ltxcmds 2020-05-10 v1.25 LaTeX kernel commands for general use (HO)
) (/usr/share/texlive/texmf-dist/tex/generic/pdftexcmds/pdftexcmds.sty
Package: pdftexcmds 2020-06-27 v0.33 Utility functions of pdfTeX for LuaTeX (HO)
 (/usr/share/texlive/texmf-dist/tex/generic/infwarerr/infwarerr.sty
Package: infwarerr 2019/12/03 v1.5 Providing info/warning/error messages (HO)
)
Package pdftexcmds Info: \pdf@primitive is available.
Package pdftexcmds Info: \pdf@ifprimitive is available.
Package pdftexcmds Info: \pdfdraftmode found.
) (/usr/share/texlive/texmf-dist/tex/generic/kvsetkeys/kvsetkeys.sty
Package: kvsetkeys 2019/12/15 v1.18 Key value parser (HO)
) (/usr/share/texlive/texmf-dist/tex/generic/kvdefinekeys/kvdefinekeys.sty
Package: kvdefinekeys 2019-12-19 v1.6 Define keys (HO)
) (/usr/share/texlive/texmf-dist/tex/generic/pdfescape/pdfescape.sty
Package: pdfescape 2019/12/09 v1.15 Implements pdfTeX's escape features (HO)
) (/usr/share/texlive/texmf-dist/tex/latex/hycolor/hycolor.sty
Package: hycolor 2020-01-27 v1.10 Color options for hyperref/bookmark (HO)
) (/usr/share/texlive/texmf-dist/tex/latex/letltxmacro/letltxmacro.sty
Package: letltxmacro 2019/12/03 v1.6 Let assignment for LaTeX macros (HO)
) (/usr/share/texlive/texmf-dist/tex/latex/auxhook/auxhook.sty
Package: auxhook 2019-12-17 v1.6 Hooks for auxiliary files (HO)
) (/usr/share/texlive/texmf-dist/tex/latex/kvoptions/kvoptions.sty
Package: kvoptions 2020-10-07 v3.14 Key value format for package options (HO)
)
\@linkdim=\dimen158
\Hy@linkcounter=\count277
\Hy@pagecounter=\count278
 (/usr/share/texlive/texmf-dist/tex/latex/hyperref/pd1enc.def
File: pd1enc.def 2021-06-07 v7.00m Hyperref: PDFDocEncoding definition (HO)
Now handling font encoding PD1 ...
... no UTF-8 mapping file for font encoding PD1
) (/usr/share/texlive/texmf-dist/tex/latex/hyperref/hyperref-langpatches.def
File: hyperref-langpatches.def 2021-06-07 v7.00m Hyperref: patches for babel languages
) (/usr/share/texlive/texmf-dist/tex/generic/intcalc/intcalc.sty
Package: intcalc 2019/12/15 v1.3 Expandable calculations with integers (HO)
) (/usr/share/texlive/texmf-dist/tex/generic/etexcmds/etexcmds.sty
Package: etexcmds 2019/12/15 v1.7 Avoid name clashes with e-TeX commands (HO)
)
\Hy@SavedSpaceFactor=\count279
 (/usr/share/texlive/texmf-dist/tex/latex/hyperref/puenc.def
File: puenc.def 2021-06-07 v7.00m Hyperref: PDF Unicode definition (HO)
Now handling font encoding PU ...
... no UTF-8 mapping file for font encoding PU
)
Package hyperref Info: Hyper figures OFF on input line 4192.
Package hyperref Info: Link nesting OFF on input line 4197.
Package hyperref Info: Hyper index ON on input line 4200.
Package hyperref Info: Plain pages OFF on input line 4207.
Package hyperref Info: Backreferencing OFF on input line 4212.
Package hyperref Info: Implicit mode ON; LaTeX internals redefined.
Package hyperref Info: Bookmarks ON on input line 4445.
\c@Hy@tempcnt=\count280
 (/usr/share/texlive/texmf-dist/tex/latex/url/url.sty
\Urlmuskip=\muskip17
Package: url 2013/09/16  ver 3.4  Verb mode for urls, etc.
)
LaTeX Info: Redefining \url on input line 4804.
\XeTeXLinkMargin=\dimen159
 (/usr/share/texlive/texmf-dist/tex/generic/bitset/bitset.sty
Package: bitset 2019/12/09 v1.3 Handle bit-vector datatype (HO)
 (/usr/share/texlive/texmf-dist/tex/generic/bigintcalc/bigintcalc.sty
Package: bigintcalc 2019/12/15 v1.5 Expandable calculations on big integers (HO)
))
\Fld@menulength=\count281
\Field@Width=\dimen160
\Fld@charsize=\dimen161
Package hyperref Info: Hyper figures OFF on input line 6076.
Package hyperref Info: Link nesting OFF on input line 6081.
Package hyperref Info: Hyper index ON on input line 6084.
Package hyperref Info: backreferencing OFF on input line 6091.
Package hyperref Info: Link coloring OFF on input line 6096.
Package hyperref Info: Link coloring with OCG OFF on input line 6101.
Package hyperref Info: PDF/A mode OFF on input line 6106.
LaTeX Info: Redefining \ref on input line 6146.
LaTeX Info: Redefining \pageref on input line 6150.
 (/usr/share/texlive/texmf-dist/tex/latex/base/atbegshi-ltx.sty
Package: atbegshi-ltx 2021/01/10 v1.0c Emulation of the original atbegshi
package with kernel methods
)
\Hy@abspage=\count282
\c@Item=\count283
\c@Hfootnote=\count284
)
Package hyperref Info: Driver (autodetected): hpdftex.
 (/usr/share/texlive/texmf-dist/tex/latex/hyperref/hpdftex.def
File: hpdftex.def 2021-06-07 v7.00m Hyperref driver for pdfTeX
 (/usr/share/texlive/texmf-dist/tex/latex/base/atveryend-ltx.sty
Package: atveryend-ltx 2020/08/19 v1.0a Emulation of the original atveryend package
with kernel methods
)
\Fld@listcount=\count285
\c@bookmark@seq@number=\count286
 (/usr/share/texlive/texmf-dist/tex/latex/rerunfilecheck/rerunfilecheck.sty
Package: rerunfilecheck 2019/12/05 v1.9 Rerun checks for auxiliary files (HO)
 (/usr/share/texlive/texmf-dist/tex/generic/uniquecounter/uniquecounter.sty
Package: uniquecounter 2019/12/15 v1.4 Provide unlimited unique counter (HO)
)
Package uniquecounter Info: New unique counter `rerunfilecheck' on input line 286.
)
\Hy@SectionHShift=\skip52
)
Package hyperref Info: Option `colorlinks' set `true' on input line 11.
 (/usr/share/texlive/texmf-dist/tex/latex/setspace/setspace.sty
Package: setspace 2011/12/19 v6.7a set line spacing
) (/usr/share/texlive/texmf-dist/tex/latex/tools/multicol.sty
Package: multicol 2021/10/28 v1.9b multicolumn formatting (FMi)
\c@tracingmulticols=\count287
\mult@box=\box54
\multicol@leftmargin=\dimen162
\c@unbalance=\count288
\c@collectmore=\count289
\doublecol@number=\count290
\multicoltolerance=\count291
\multicolpretolerance=\count292
\full@width=\dimen163
\page@free=\dimen164
\premulticols=\dimen165
\postmulticols=\dimen166
\multicolsep=\skip53
\multicolbaselineskip=\skip54
\partial@page=\box55
\last@line=\box56
\maxbalancingoverflow=\dimen167
\mult@rightbox=\box57
\mult@grightbox=\box58
\mult@firstbox=\box59
\mult@gfirstbox=\box60
\@tempa=\box61
\@tempa=\box62
\@tempa=\box63
\@tempa=\box64
\@tempa=\box65
\@tempa=\box66
\@tempa=\box67
\@tempa=\box68
\@tempa=\box69
\@tempa=\box70
\@tempa=\box71
\@tempa=\box72
\@tempa=\box73
\@tempa=\box74
\@tempa=\box75
\@tempa=\box76
\@tempa=\box77
\@tempa=\box78
\@tempa=\box79
\@tempa=\box80
\@tempa=\box81
\@tempa=\box82
\@tempa=\box83
\@tempa=\box84
\@tempa=\box85
\@tempa=\box86
\@tempa=\box87
\@tempa=\box88
\@tempa=\box89
\@tempa=\box90
\@tempa=\box91
\@tempa=\box92
\@tempa=\box93
\@tempa=\box94
\@tempa=\box95
\@tempa=\box96
\c@minrows=\count293
\c@columnbadness=\count294
\c@finalcolumnbadness=\count295
\last@try=\dimen168
\multicolovershoot=\dimen169
\multicolundershoot=\dimen170
\mult@nat@firstbox=\box97
\colbreak@box=\box98
\mc@col@check@num=\count296
) (/usr/share/texlive/texmf-dist/tex/latex/natbib/natbib.sty
Package: natbib 2010/09/13 8.31b (PWD, AO)
\bibhang=\skip55
\bibsep=\skip56
LaTeX Info: Redefining \cite on input line 694.
\c@NAT@ctr=\count297
) (/usr/share/texlive/texmf-dist/tex/latex/l3backend/l3backend-pdftex.def
File: l3backend-pdftex.def 2022-01-12 L3 backend support: PDF output (pdfTeX)
\l__color_backend_stack_int=\count298
\l__pdf_internal_box=\box99
) (./main.aux)
\openout1 = `main.aux'.

LaTeX Font Info:    Checking defaults for OML/cmm/m/it on input line 33.
LaTeX Font Info:    ... okay on input line 33.
LaTeX Font Info:    Checking defaults for OMS/cmsy/m/n on input line 33.
LaTeX Font Info:    ... okay on input line 33.
LaTeX Font Info:    Checking defaults for OT1/cmr/m/n on input line 33.
LaTeX Font Info:    ... okay on input line 33.
LaTeX Font Info:    Checking defaults for T1/cmr/m/n on input line 33.
LaTeX Font Info:    ... okay on input line 33.
LaTeX Font Info:    Checking defaults for TS1/cmr/m/n on input line 33.
LaTeX Font Info:    ... okay on input line 33.
LaTeX Font Info:    Checking defaults for OMX/cmex/m/n on input line 33.
LaTeX Font Info:    ... okay on input line 33.
LaTeX Font Info:    Checking defaults for U/cmr/m/n on input line 33.
LaTeX Font Info:    ... okay on input line 33.
LaTeX Font Info:    Checking defaults for PD1/pdf/m/n on input line 33.
LaTeX Font Info:    ... okay on input line 33.
LaTeX Font Info:    Checking defaults for PU/pdf/m/n on input line 33.
LaTeX Font Info:    ... okay on input line 33.

*geometry* driver: auto-detecting
*geometry* detected driver: pdftex
*geometry* verbose mode - [ preamble ] result:
* driver: pdftex
* paper: a4paper
* layout: <same size as paper>
* layoutoffset:(h,v)=(0.0pt,0.0pt)
* modes: 
* h-part:(L,W,R)=(72.26999pt, 452.9679pt, 72.26999pt)
* v-part:(T,H,B)=(72.26999pt, 700.50687pt, 72.26999pt)
* \paperwidth=597.50787pt
* \paperheight=845.04684pt
* \textwidth=452.9679pt
* \textheight=700.50687pt
* \oddsidemargin=0.0pt
* \evensidemargin=0.0pt
* \topmargin=-37.0pt
* \headheight=12.0pt
* \headsep=25.0pt
* \topskip=11.0pt
* \footskip=30.0pt
* \marginparwidth=50.0pt
* \marginparsep=10.0pt
* \columnsep=10.0pt
* \skip\footins=10.0pt plus 4.0pt minus 2.0pt
* \hoffset=0.0pt
* \voffset=0.0pt
* \mag=1000
* \@twocolumnfalse
* \@twosidefalse
* \@mparswitchfalse
* \@reversemarginfalse
* (1in=72.27pt=25.4mm, 1cm=28.453pt)

(/usr/share/texlive/texmf-dist/tex/context/base/mkii/supp-pdf.mkii
[Loading MPS to PDF converter (version 2006.09.02).]
\scratchcounter=\count299
\scratchdimen=\dimen171
\scratchbox=\box100
\nofMPsegments=\count300
\nofMParguments=\count301
\everyMPshowfont=\toks25
\MPscratchCnt=\count302
\MPscratchDim=\dimen172
\MPnumerator=\count303
\makeMPintoPDFobject=\count304
\everyMPtoPDFconversion=\toks26
) (/usr/share/texlive/texmf-dist/tex/latex/epstopdf-pkg/epstopdf-base.sty
Package: epstopdf-base 2020-01-24 v2.11 Base part for package epstopdf
 (/usr/share/texlive/texmf-dist/tex/latex/grfext/grfext.sty
Package: grfext 2019/12/03 v1.3 Manage graphics extensions (HO)
)
Package epstopdf-base Info: Redefining graphics rule for `.eps' on input line 485.
Package grfext Info: Graphics extension search list:
(grfext)             [.pdf,.png,.jpg,.mps,.jpeg,.jbig2,.jb2,.PDF,.PNG,.JPG,.JPEG,.JBIG2,.JB2,.eps]
(grfext)             \AppendGraphicsExtensions on input line 504.
 (/usr/share/texlive/texmf-dist/tex/latex/latexconfig/epstopdf-sys.cfg
File: epstopdf-sys.cfg 2010/07/13 v1.3 Configuration of (r)epstopdf for TeX Live
)) (/usr/share/texlive/texmf-dist/tex/latex/graphics/color.sty
Package: color 2021/12/07 v1.3c Standard LaTeX Color (DPC)
 (/usr/share/texlive/texmf-dist/tex/latex/graphics-cfg/color.cfg
File: color.cfg 2016/01/02 v1.6 sample color configuration
)
Package color Info: Driver file: pdftex.def on input line 149.
)
Package hyperref Info: Link coloring ON on input line 33.
 (/usr/share/texlive/texmf-dist/tex/latex/hyperref/nameref.sty
Package: nameref 2021-04-02 v2.47 Cross-referencing by name of section
 (/usr/share/texlive/texmf-dist/tex/latex/refcount/refcount.sty
Package: refcount 2019/12/15 v3.6 Data extraction from label references (HO)
) (/usr/share/texlive/texmf-dist/tex/generic/gettitlestring/gettitlestring.sty
Package: gettitlestring 2019/12/15 v1.6 Cleanup title references (HO)
)
\c@section@level=\count305
)
LaTeX Info: Redefining \ref on input line 33.
LaTeX Info: Redefining \pageref on input line 33.
LaTeX Info: Redefining \nameref on input line 33.
 (./main.out) (./main.out)
\@outlinefile=\write3
\openout3 = `main.out'.

LaTeX Font Info:    Trying to load font information for U+msa on input line 36.
 (/usr/share/texlive/texmf-dist/tex/latex/amsfonts/umsa.fd
File: umsa.fd 2013/01/14 v3.01 AMS symbols A
)
LaTeX Font Info:    Trying to load font information for U+msb on input line 36.
 (/usr/share/texlive/texmf-dist/tex/latex/amsfonts/umsb.fd
File: umsb.fd 2013/01/14 v3.01 AMS symbols B
)
<Images/kSZ_SED.pdf, id=24, 505.89pt x 361.35pt>
File: Images/kSZ_SED.pdf Graphic file (type pdf)
<use Images/kSZ_SED.pdf>
Package pdftex.def Info: Images/kSZ_SED.pdf  used on input line 44.
(pdftex.def)             Requested size: 202.3524pt x 144.53743pt.
 [1

{/var/lib/texmf/fonts/map/pdftex/updmap/pdftex.map} <./Images/kSZ_SED.pdf>] [2] [3]
<Images/MaFry.png, id=124, 481.8pt x 596.2275pt>
File: Images/MaFry.png Graphic file (type png)
<use Images/MaFry.png>
Package pdftex.def Info: Images/MaFry.png  used on input line 137.
(pdftex.def)             Requested size: 240.8994pt x 298.11302pt.

Overfull \hbox (11.69678pt too wide) in paragraph at lines 142--143
\OT1/cmr/m/n/10.95 printed on the Last Scat-ter-ing Sur-faces. These fore-grounds are called Sec-ondary CMB anisotropies.
 []

[4 <./Images/MaFry.png>]
<Images/total_SZ_or_combo.pdf, id=133, 867.24pt x 433.62pt>
File: Images/total_SZ_or_combo.pdf Graphic file (type pdf)
<use Images/total_SZ_or_combo.pdf>
Package pdftex.def Info: Images/total_SZ_or_combo.pdf  used on input line 157.
(pdftex.def)             Requested size: 433.61894pt x 216.80946pt.
<Images/patchy_homogeneous_kSZ.pdf, id=134, 867.24pt x 433.62pt>
File: Images/patchy_homogeneous_kSZ.pdf Graphic file (type pdf)
<use Images/patchy_homogeneous_kSZ.pdf>
Package pdftex.def Info: Images/patchy_homogeneous_kSZ.pdf  used on input line 165.
(pdftex.def)             Requested size: 433.61894pt x 216.80946pt.
<Images/tSZ_measurements.pdf, id=135, 867.24pt x 433.62pt>
File: Images/tSZ_measurements.pdf Graphic file (type pdf)
<use Images/tSZ_measurements.pdf>
Package pdftex.def Info: Images/tSZ_measurements.pdf  used on input line 173.
(pdftex.def)             Requested size: 433.61894pt x 216.80946pt.
 [5 <./Images/total_SZ_or_combo.pdf> <./Images/patchy_homogeneous_kSZ.pdf>]
Overfull \hbox (4.25185pt too wide) in paragraph at lines 181--182
[]\OT1/cmr/m/n/10.95 The first mea-sure-ment was per-formed by the SPT team and re-ported by Lueker et al. 2010[[]].
 []

[6 <./Images/tSZ_measurements.pdf>]
<Images/Alvarez2016_ksz_fullsky_mollweide.pdf, id=364, 894.65964pt x 533.9651pt>
File: Images/Alvarez2016_ksz_fullsky_mollweide.pdf Graphic file (type pdf)
<use Images/Alvarez2016_ksz_fullsky_mollweide.pdf>
Package pdftex.def Info: Images/Alvarez2016_ksz_fullsky_mollweide.pdf  used on input line 210.
(pdftex.def)             Requested size: 447.32872pt x 266.98189pt.
 [7]
<Images/Alvarez2016_ksz_power_spectrum_final.pdf, id=379, 748.6262pt x 462.61269pt>
File: Images/Alvarez2016_ksz_power_spectrum_final.pdf Graphic file (type pdf)
<use Images/Alvarez2016_ksz_power_spectrum_final.pdf>
Package pdftex.def Info: Images/Alvarez2016_ksz_power_spectrum_final.pdf  used on input line 216.
(pdftex.def)             Requested size: 374.31218pt x 231.30577pt.
<Images/Alvarez2016_ksz_histogram_gaussian_overlay.pdf, id=380, 716.4874pt x 427.5975pt>
File: Images/Alvarez2016_ksz_histogram_gaussian_overlay.pdf Graphic file (type pdf)
<use Images/Alvarez2016_ksz_histogram_gaussian_overlay.pdf>
Package pdftex.def Info: Images/Alvarez2016_ksz_histogram_gaussian_overlay.pdf  used on input line 222.
(pdftex.def)             Requested size: 358.24281pt x 213.79822pt.
 [8 <./Images/Alvarez2016_ksz_fullsky_mollweide.pdf> <./Images/Alvarez2016_ksz_power_spectrum_final.pdf>]
<Images/Alvarez2016_ksz_patch_RA180.0_Dec0.0.pdf, id=446, 528.07254pt x 588.60693pt>
File: Images/Alvarez2016_ksz_patch_RA180.0_Dec0.0.pdf Graphic file (type pdf)
<use Images/Alvarez2016_ksz_patch_RA180.0_Dec0.0.pdf>
Package pdftex.def Info: Images/Alvarez2016_ksz_patch_RA180.0_Dec0.0.pdf  used on input line 228.
(pdftex.def)             Requested size: 264.03561pt x 294.30275pt.
<Images/Alvarez2016_patch_Pk.pdf, id=447, 714.02127pt x 422.20937pt>
File: Images/Alvarez2016_patch_Pk.pdf Graphic file (type pdf)
<use Images/Alvarez2016_patch_Pk.pdf>
Package pdftex.def Info: Images/Alvarez2016_patch_Pk.pdf  used on input line 234.
(pdftex.def)             Requested size: 357.00975pt x 211.10416pt.
 [9 <./Images/Alvarez2016_ksz_histogram_gaussian_overlay.pdf> <./Images/ALvarez2016_ksz_patch_RA180.0_Dec0.0.pdf>]
<Images/Alvarez_2016patch_Cl.pdf, id=548, 713.84055pt x 423.23721pt>
File: Images/Alvarez_2016patch_Cl.pdf Graphic file (type pdf)
<use Images/Alvarez_2016patch_Cl.pdf>
Package pdftex.def Info: Images/Alvarez_2016patch_Cl.pdf  used on input line 240.
(pdftex.def)             Requested size: 356.9194pt x 211.61807pt.
<Images/Alvarez2016_patch_Dl.pdf, id=549, 714.65591pt x 423.23721pt>
File: Images/Alvarez2016_patch_Dl.pdf Graphic file (type pdf)
<use Images/Alvarez2016_patch_Dl.pdf>
Package pdftex.def Info: Images/Alvarez2016_patch_Dl.pdf  used on input line 246.
(pdftex.def)             Requested size: 357.32709pt x 211.61807pt.
 [10 <./Images/ALvarez2016_patch_Pk.pdf> <./Images/Alvarez_2016patch_Cl.pdf>]
Underfull \hbox (badness 10000) in paragraph at lines 254--255

 []

<Images/WebSky_ksz_mollweide.pdf, id=640, 604.17719pt x 380.93167pt>
File: Images/WebSky_ksz_mollweide.pdf Graphic file (type pdf)
<use Images/WebSky_ksz_mollweide.pdf>
Package pdftex.def Info: Images/WebSky_ksz_mollweide.pdf  used on input line 258.
(pdftex.def)             Requested size: 302.08784pt x 190.46536pt.
<Images/WebSky_ksz_histogram_gaussian.pdf, id=641, 716.4874pt x 427.5975pt>
File: Images/WebSky_ksz_histogram_gaussian.pdf Graphic file (type pdf)
<use Images/WebSky_ksz_histogram_gaussian.pdf>
Package pdftex.def Info: Images/WebSky_ksz_histogram_gaussian.pdf  used on input line 264.
(pdftex.def)             Requested size: 358.24281pt x 213.79822pt.
[11 <./Images/Alvarez2016_patch_Dl.pdf> <./Images/WebSky_ksz_mollweide.pdf>]
<Images/WebSky_ksz_powerspectrum.pdf, id=723, 712.7481pt x 496.37735pt>
File: Images/WebSky_ksz_powerspectrum.pdf Graphic file (type pdf)
<use Images/WebSky_ksz_powerspectrum.pdf>
Package pdftex.def Info: Images/WebSky_ksz_powerspectrum.pdf  used on input line 270.
(pdftex.def)             Requested size: 356.37317pt x 248.18806pt.
<Images/websky_ksz_patchy_mollweide.pdf, id=724, 604.17719pt x 369.49834pt>
File: Images/websky_ksz_patchy_mollweide.pdf Graphic file (type pdf)
<use Images/websky_ksz_patchy_mollweide.pdf>
Package pdftex.def Info: Images/websky_ksz_patchy_mollweide.pdf  used on input line 276.
(pdftex.def)             Requested size: 302.08784pt x 184.7487pt.
 [12 <./Images/WebSky_ksz_histogram_gaussian.pdf> <./Images/WebSky_ksz_powerspectrum.pdf>]
<Images/websky_ksz_patchy_histogram_gaussian.pdf, id=817, 716.4874pt x 427.5975pt>
File: Images/websky_ksz_patchy_histogram_gaussian.pdf Graphic file (type pdf)
<use Images/websky_ksz_patchy_histogram_gaussian.pdf>
Package pdftex.def Info: Images/websky_ksz_patchy_histogram_gaussian.pdf  used on input line 282.
(pdftex.def)             Requested size: 358.24281pt x 213.79822pt.
<Images/websky_ksz_patchy_powerspectrum.pdf, id=818, 715.13162pt x 497.20242pt>
File: Images/websky_ksz_patchy_powerspectrum.pdf Graphic file (type pdf)
<use Images/websky_ksz_patchy_powerspectrum.pdf>
Package pdftex.def Info: Images/websky_ksz_patchy_powerspectrum.pdf  used on input line 288.
(pdftex.def)             Requested size: 357.56493pt x 248.6006pt.
 [13 <./Images/websky_ksz_patchy_mollweide.pdf> <./Images/websky_ksz_patchy_histogram_gaussian.pdf>]
<Images/WebSky_ksz_vs_ksz_patchy_powerspectrum.pdf, id=907, 715.41277pt x 497.53166pt>
File: Images/WebSky_ksz_vs_ksz_patchy_powerspectrum.pdf Graphic file (type pdf)
<use Images/WebSky_ksz_vs_ksz_patchy_powerspectrum.pdf>
Package pdftex.def Info: Images/WebSky_ksz_vs_ksz_patchy_powerspectrum.pdf  used on input line 294.
(pdftex.def)             Requested size: 357.7055pt x 248.76521pt.

Underfull \hbox (badness 10000) in paragraph at lines 298--299

 []

<Images/WebSky_tsz_mollweide.pdf, id=908, 604.17719pt x 365.62448pt>
File: Images/WebSky_tsz_mollweide.pdf Graphic file (type pdf)
<use Images/WebSky_tsz_mollweide.pdf>
Package pdftex.def Info: Images/WebSky_tsz_mollweide.pdf  used on input line 302.
(pdftex.def)             Requested size: 302.08784pt x 182.81178pt.
[14 <./Images/websky_ksz_patchy_powerspectrum.pdf> <./Images/WebSky_ksz_vs_ksz_patchy_powerspectrum.pdf>]
<Images/websky_tsz_histogram.png, id=993, 715.11165pt x 426.03165pt>
File: Images/websky_tsz_histogram.png Graphic file (type png)
<use Images/websky_tsz_histogram.png>
Package pdftex.def Info: Images/websky_tsz_histogram.png  used on input line 308.
(pdftex.def)             Requested size: 357.55495pt x 213.0153pt.
<Images/WebSky_tsz_powerspectrum.pdf, id=994, 715.47299pt x 498.663pt>
File: Images/WebSky_tsz_powerspectrum.pdf Graphic file (type pdf)
<use Images/WebSky_tsz_powerspectrum.pdf>
Package pdftex.def Info: Images/WebSky_tsz_powerspectrum.pdf  used on input line 314.
(pdftex.def)             Requested size: 357.73563pt x 249.33089pt.
 [15 <./Images/WebSky_tsz_mollweide.pdf> <./Images/websky_tsz_histogram.png>]
Underfull \hbox (badness 10000) in paragraph at lines 318--319

 []

<Images/WebSky_cib_225_mollweide.pdf, id=1041, 604.17719pt x 380.93167pt>
File: Images/WebSky_cib_225_mollweide.pdf Graphic file (type pdf)
<use Images/WebSky_cib_225_mollweide.pdf>
Package pdftex.def Info: Images/WebSky_cib_225_mollweide.pdf  used on input line 322.
(pdftex.def)             Requested size: 302.08784pt x 190.46536pt.
<Images/WebSky_cib_225_histogram.pdf, id=1042, 718.06543pt x 426.45422pt>
File: Images/WebSky_cib_225_histogram.pdf Graphic file (type pdf)
<use Images/WebSky_cib_225_histogram.pdf>
Package pdftex.def Info: Images/WebSky_cib_225_histogram.pdf  used on input line 328.
(pdftex.def)             Requested size: 359.03183pt x 213.22658pt.
[16 <./Images/websky_tsz_powerspectrum.pdf> <./Images/WebSky_cib_225_mollweide.pdf>]
<Images/WebSky_cib_225_Cls.pdf, id=1121, 716.3161pt x 495.37234pt>
File: Images/WebSky_cib_225_Cls.pdf Graphic file (type pdf)
<use Images/WebSky_cib_225_Cls.pdf>
Package pdftex.def Info: Images/WebSky_cib_225_Cls.pdf  used on input line 334.
(pdftex.def)             Requested size: 358.15717pt x 247.68556pt.
<Images/WebSky_cib_225_powerspectrum.pdf, id=1122, 714.86838pt x 495.37234pt>
File: Images/WebSky_cib_225_powerspectrum.pdf Graphic file (type pdf)
<use Images/WebSky_cib_225_powerspectrum.pdf>
Package pdftex.def Info: Images/WebSky_cib_225_powerspectrum.pdf  used on input line 340.
(pdftex.def)             Requested size: 357.43332pt x 247.68556pt.
 [17 <./Images/WebSky_cib_225_histogram.pdf> <./Images/WebSky_cib_225_Cls.pdf>]
Underfull \hbox (badness 10000) in paragraph at lines 344--345

 []

<Images/WebSky_cross_power_native.pdf, id=1230, 714.44339pt x 495.17798pt>
File: Images/WebSky_cross_power_native.pdf Graphic file (type pdf)
<use Images/WebSky_cross_power_native.pdf>
Package pdftex.def Info: Images/WebSky_cross_power_native.pdf  used on input line 348.
(pdftex.def)             Requested size: 357.22083pt x 247.58838pt.
<Images/WebSky_cross_power_temperature.pdf, id=1231, 715.59105pt x 495.50722pt>
File: Images/WebSky_cross_power_temperature.pdf Graphic file (type pdf)
<use Images/WebSky_cross_power_temperature.pdf>
Package pdftex.def Info: Images/WebSky_cross_power_temperature.pdf  used on input line 354.
(pdftex.def)             Requested size: 357.79465pt x 247.75299pt.
[18 <./Images/WebSky_cib_225_powerspectrum.pdf> <./Images/WebSky_cross_power_native.pdf>] [19 <./Images/WebSky_cross_power_temperature.pdf>] [20] (./main.bbl) [21] (./main.aux)
Package rerunfilecheck Info: File `main.out' has not changed.
(rerunfilecheck)             Checksum: AE48B3B9354286FCDD497FE3E5444E99;516.
 ) 
Here is how much of TeX's memory you used:
 11061 strings out of 480171
 176815 string characters out of 5894488
 473683 words of memory out of 5000000
 28725 multiletter control sequences out of 15000+600000
 478472 words of font info for 63 fonts, out of 8000000 for 9000
 59 hyphenation exceptions out of 8191
 60i,20n,63p,1397b,394s stack positions out of 5000i,500n,10000p,200000b,80000s
{/usr/share/texmf/fonts/enc/dvips/cm-super/cm-super-ts1.enc}</usr/share/texlive/texmf-dist/fonts/type1/public/amsfonts/cm/cmbx10.pfb></usr/share/texlive/texmf-dist/fonts/type1/public/amsfonts/cm/cmbx12.pfb></usr/share/texlive/texmf-dist/fonts/type1/public/amsfonts/cm/cmex10.pfb></usr/share/texlive/texmf-dist/fonts/type1/public/amsfonts/cm/cmmi10.pfb></usr/share/texlive/texmf-dist/fonts/type1/public/amsfonts/cm/cmmi12.pfb></usr/share/texlive/texmf-dist/fonts/type1/public/amsfonts/cm/cmmi6.pfb></usr/share/texlive/texmf-dist/fonts/type1/public/amsfonts/cm/cmmi8.pfb></usr/share/texlive/texmf-dist/fonts/type1/public/amsfonts/cm/cmr10.pfb></usr/share/texlive/texmf-dist/fonts/type1/public/amsfonts/cm/cmr12.pfb></usr/share/texlive/texmf-dist/fonts/type1/public/amsfonts/cm/cmr17.pfb></usr/share/texlive/texmf-dist/fonts/type1/public/amsfonts/cm/cmr5.pfb></usr/share/texlive/texmf-dist/fonts/type1/public/amsfonts/cm/cmr6.pfb></usr/share/texlive/texmf-dist/fonts/type1/public/amsfonts/cm/cmr8.pfb></usr/share/texlive/texmf-dist/fonts/type1/public/amsfonts/cm/cmsy10.pfb></usr/share/texlive/texmf-dist/fonts/type1/public/amsfonts/cm/cmsy6.pfb></usr/share/texlive/texmf-dist/fonts/type1/public/amsfonts/cm/cmsy8.pfb></usr/share/texlive/texmf-dist/fonts/type1/public/amsfonts/cm/cmti12.pfb></usr/share/texlive/texmf-dist/fonts/type1/public/amsfonts/cm/cmtt10.pfb></usr/share/texlive/texmf-dist/fonts/type1/public/amsfonts/latxfont/line10.pfb></usr/share/texmf/fonts/type1/public/cm-super/sfrm1095.pfb>
Output written on main.pdf (21 pages, 6398694 bytes).
PDF statistics:
 1570 PDF objects out of 1728 (max. 8388607)
 536 compressed objects within 6 object streams
 97 named destinations out of 1000 (max. 500000)
 181 words of extra memory for PDF output out of 10000 (max. 10000000)

